Arguments: 
  /home/victor-vu/.nvm/versions/node/v18.6.0/bin/node /home/victor-vu/.yarn/bin/yarn.js install

PATH: 
  /home/victor-vu/.local/bin:/home/victor-vu/.yarn/bin:/home/victor-vu/.config/yarn/global/node_modules/.bin:/home/victor-vu/.nvm/versions/node/v18.6.0/bin:/home/victor-vu/.cargo/bin:/usr/local/sbin:/usr/local/bin:/usr/sbin:/usr/bin:/sbin:/bin:/usr/games:/usr/local/games:/mnt/c/WINDOWS/system32:/mnt/c/WINDOWS:/mnt/c/WINDOWS/System32/Wbem:/mnt/c/WINDOWS/System32/WindowsPowerShell/v1.0/:/mnt/c/WINDOWS/System32/OpenSSH/:/mnt/c/Program Files/dotnet/:/mnt/c/Program Files/Microsoft SQL Server/130/Tools/Binn/:/mnt/c/Program Files/Microsoft SQL Server/Client SDK/ODBC/170/Tools/Binn/:/mnt/c/Program Files/Git/cmd:/mnt/c/Program Files/Cloudflare/Cloudflare WARP/:/mnt/c/Program Files/nodejs/:/mnt/c/Program Files (x86)/CSGO Demos Manager:/mnt/c/Program Files/CodeBlocks/MinGW/bin:/mnt/c/Users/Zbook G3/AppData/Local/Programs/Python/Python310/Scripts/:/mnt/c/Users/Zbook G3/AppData/Local/Programs/Python/Python310/:/mnt/c/Users/Zbook G3/.cargo/bin:/mnt/c/Users/Zbook G3/AppData/Local/Microsoft/WindowsApps:/mnt/c/Users/Zbook G3/AppData/Local/Programs/Microsoft VS Code/bin:/mnt/c/Users/Zbook G3/.dotnet/tools:/mnt/c/Users/Zbook G3/AppData/Roaming/npm:/snap/bin

Yarn version: 
  1.22.19

Node version: 
  18.6.0

Platform: 
  linux x64

Trace: 
  Error: connect ECONNREFUSED 104.16.24.35:443
      at TCPConnectWrap.afterConnect [as oncomplete] (node:net:1246:16)

npm manifest: 
  {
    "name": "fb-clone",
    "version": "1.0.0",
    "main": "node_modules/expo/AppEntry.js",
    "scripts": {
      "start": "expo start",
      "android": "expo start --android",
      "ios": "expo start --ios",
      "web": "expo start --web"
    },
    "dependencies": {
      "@react-native-async-storage/async-storage": "~1.17.3",
      "@react-native-community/clipboard": "^1.5.1",
      "@react-native-community/hooks": "^2.8.1",
      "@react-native-community/netinfo": "^9.3.7",
      "@react-navigation/bottom-tabs": "^6.5.2",
      "@react-navigation/native": "^6.1.1",
      "@react-navigation/stack": "^6.3.10",
      "@types/node-fetch": "^2.6.2",
      "axios": "^1.2.1",
      "expo": "~46.0.16",
      "expo-file-system": "^14.1.0",
      "expo-image-picker": "^13.3.1",
      "expo-image-picker-multiple": "^1.4.1",
      "expo-linear-gradient": "~11.4.0",
      "expo-media-library": "~14.2.0",
      "expo-permissions": "^13.2.0",
      "expo-status-bar": "~1.4.0",
      "form-data": "^4.0.0",
      "lodash": "^4.17.21",
      "lottie-react-native": "^5.1.4",
      "mime": "^3.0.0",
      "react": "18.0.0",
      "react-dom": "18.0.0",
      "react-native": "0.69.6",
      "react-native-clipboard": "^0.0.5",
      "react-native-gesture-handler": "~2.5.0",
      "react-native-image-picker": "^5.0.0",
      "react-native-image-zoom-viewer": "^3.0.1",
      "react-native-paper": "^5.1.0",
      "react-native-pinchable": "^0.2.1",
      "react-native-progress": "^5.0.0",
      "react-native-safe-area-context": "4.3.1",
      "react-native-screens": "~3.15.0",
      "react-native-status-bar-height": "^2.6.0",
      "react-native-swipe-gestures": "^1.0.5",
      "react-native-vector-icons": "^9.2.0",
      "react-native-web": "~0.18.7"
    },
    "devDependencies": {
      "@babel/core": "^7.12.9",
      "@types/lodash": "^4.14.191",
      "@types/mime": "^3.0.1",
      "@types/react": "~18.0.0",
      "@types/react-native": "~0.69.1",
      "@types/react-native-vector-icons": "^6.4.12",
      "typescript": "~4.3.5"
    },
    "private": true
  }

yarn manifest: 
  No manifest

Lockfile: 
  No lockfile
